mode: set
github.com/deanveloper/cancel/nevercancel.go:8.30,10.2 1 1
github.com/deanveloper/cancel/nevercancel.go:16.49,18.2 1 1
github.com/deanveloper/cancel/nevercancel.go:19.43,21.2 1 1
github.com/deanveloper/cancel/nevercancel.go:22.32,24.2 1 1
github.com/deanveloper/cancel/cancelfunc.go:6.56,11.2 2 1
github.com/deanveloper/cancel/canceller.go:43.85,55.12 2 1
github.com/deanveloper/cancel/canceller.go:73.2,73.24 1 1
github.com/deanveloper/cancel/canceller.go:55.12,56.11 1 1
github.com/deanveloper/cancel/canceller.go:56.11,57.11 1 1
github.com/deanveloper/cancel/canceller.go:58.37,59.30 1 1
github.com/deanveloper/cancel/canceller.go:60.32,61.29 1 1
github.com/deanveloper/cancel/canceller.go:62.25,62.25 0 0
github.com/deanveloper/cancel/canceller.go:64.9,65.11 1 1
github.com/deanveloper/cancel/canceller.go:66.32,67.29 1 1
github.com/deanveloper/cancel/canceller.go:68.25,68.25 0 1
github.com/deanveloper/cancel/canceller.go:73.24,73.51 1 1
github.com/deanveloper/cancel/canceller.go:88.50,90.2 1 1
github.com/deanveloper/cancel/canceller.go:91.44,93.2 1 1
github.com/deanveloper/cancel/canceller.go:94.33,96.2 1 1
github.com/deanveloper/cancel/canceller.go:97.38,98.19 1 1
github.com/deanveloper/cancel/canceller.go:98.19,101.3 2 1
github.com/deanveloper/cancel/deadline.go:10.68,14.38 2 1
github.com/deanveloper/cancel/deadline.go:20.2,20.58 1 1
github.com/deanveloper/cancel/deadline.go:14.38,15.29 1 1
github.com/deanveloper/cancel/deadline.go:15.29,17.4 1 1
github.com/deanveloper/cancel/deadline.go:25.73,27.2 1 1
